0 info it worked if it ends with ok
1 verbose cli [ 'C:\\Program Files (x86)\\Nodist\\v-x64\\10.8.0\\node.exe',
1 verbose cli   'C:\\Program Files (x86)\\Nodist\\npmv\\4.0.5\\bin\\npm-cli.js',
1 verbose cli   'start' ]
2 info using npm@4.0.5
3 info using node@v10.8.0
4 verbose run-script [ 'prestart', 'start', 'poststart' ]
5 info lifecycle nextnanogui@1.0.0~prestart: nextnanogui@1.0.0
6 warn lifecycle The node binary used for scripts is C:\Program Files (x86)\Nodist\bin\node.exe but npm is using C:\Program Files (x86)\Nodist\v-x64\10.8.0\node.exe itself. Use the `--scripts-prepend-node-path` option to include the path for the node binary npm was executed with.
7 silly lifecycle nextnanogui@1.0.0~prestart: no script for prestart, continuing
8 info lifecycle nextnanogui@1.0.0~start: nextnanogui@1.0.0
9 verbose lifecycle nextnanogui@1.0.0~start: unsafe-perm in lifecycle true
10 verbose lifecycle nextnanogui@1.0.0~start: PATH: C:\Program Files (x86)\Nodist\npmv\4.0.5\bin\node-gyp-bin;C:\Users\qdmy7\Documents\nextnanogui\node_modules\.bin;C:\Program Files (x86)\Windows Resource Kits\Tools\;C:\Windows\System32;C:\Windows;C:\Windows\System32\wbem;C:\Windows\System32\WindowsPowerShell\v1.0\;C:\Program Files\MongoDB\Server\3.4\bin;C:\MinGW\bin;C:\Program Files (x86)\Nodist\bin;C:\Program Files (x86)\GnuPG\bin;C:\TDM-GCC-64\bin;C:\Python27;C:\Python27\Scripts;C:\WINDOWS\system32;C:\WINDOWS;C:\WINDOWS\System32\Wbem;C:\WINDOWS\System32\WindowsPowerShell\v1.0\;C:\WINDOWS\System32\OpenSSH\;C:\Program Files\Git\cmd;C:\Program Files\gnuplot\bin;C:\Users\qdmy7\AppData\Local\Microsoft\WindowsApps;C:\Users\qdmy7\AppData\Local\Programs\Microsoft VS Code\bin
11 verbose lifecycle nextnanogui@1.0.0~start: CWD: C:\Users\qdmy7\Documents\nextnanogui
12 silly lifecycle nextnanogui@1.0.0~start: Args: [ '/d /s /c', 'gulp start' ]
13 verbose stack Error: kill ENOSYS
13 verbose stack     at process.kill (internal/process/per_thread.js:194:13)
13 verbose stack     at process.listener (C:\Program Files (x86)\Nodist\npmv\4.0.5\node_modules\npmlog\node_modules\gauge\node_modules\signal-exit\index.js:86:15)
13 verbose stack     at process.emit (events.js:187:15)
14 verbose cwd C:\Users\qdmy7\Documents\nextnanogui
15 error Windows_NT 10.0.17134
16 error argv "C:\\Program Files (x86)\\Nodist\\v-x64\\10.8.0\\node.exe" "C:\\Program Files (x86)\\Nodist\\npmv\\4.0.5\\bin\\npm-cli.js" "start"
17 error node v10.8.0
18 error npm  v4.0.5
19 error code ENOSYS
20 error errno ENOSYS
21 error syscall kill
22 error kill ENOSYS
23 error If you need help, you may report this error at:
23 error     <https://github.com/npm/npm/issues>
24 verbose exit [ 1, true ]
